This is pdfTeX, Version 3.141592653-2.6-1.40.25 (TeX Live 2023/Debian) (preloaded format=pdflatex 2025.2.6)  27 MAR 2025 11:49
entering extended mode
 restricted \write18 enabled.
 file:line:error style messages enabled.
 %&-line parsing enabled.
**"/home/gary/Desktop/SNHU/my_Latex/Math 300/Module4/LaTex/v1.tex"
(/home/gary/Desktop/SNHU/my_Latex/Math 300/Module4/LaTex/v1.tex
LaTeX2e <2023-11-01> patch level 1
L3 programming layer <2024-01-22>
(/usr/share/texlive/texmf-dist/tex/latex/base/article.cls
Document Class: article 2023/05/17 v1.4n Standard LaTeX document class
(/usr/share/texlive/texmf-dist/tex/latex/base/size10.clo
File: size10.clo 2023/05/17 v1.4n Standard LaTeX file (size option)
)
\c@part=\count187
\c@section=\count188
\c@subsection=\count189
\c@subsubsection=\count190
\c@paragraph=\count191
\c@subparagraph=\count192
\c@figure=\count193
\c@table=\count194
\abovecaptionskip=\skip48
\belowcaptionskip=\skip49
\bibindent=\dimen140
) (/usr/share/texlive/texmf-dist/tex/latex/base/inputenc.sty
Package: inputenc 2021/02/14 v1.3d Input encoding file
\inpenc@prehook=\toks17
\inpenc@posthook=\toks18
) (/usr/share/texlive/texmf-dist/tex/latex/amsmath/amsmath.sty
Package: amsmath 2023/05/13 v2.17o AMS math features
\@mathmargin=\skip50

For additional information on amsmath, use the `?' option.
(/usr/share/texlive/texmf-dist/tex/latex/amsmath/amstext.sty
Package: amstext 2021/08/26 v2.01 AMS text
 (/usr/share/texlive/texmf-dist/tex/latex/amsmath/amsgen.sty
File: amsgen.sty 1999/11/30 v2.0 generic functions
\@emptytoks=\toks19
\ex@=\dimen141
)) (/usr/share/texlive/texmf-dist/tex/latex/amsmath/amsbsy.sty
Package: amsbsy 1999/11/29 v1.2d Bold Symbols
\pmbraise@=\dimen142
) (/usr/share/texlive/texmf-dist/tex/latex/amsmath/amsopn.sty
Package: amsopn 2022/04/08 v2.04 operator names
)
\inf@bad=\count195
LaTeX Info: Redefining \frac on input line 234.
\uproot@=\count196
\leftroot@=\count197
LaTeX Info: Redefining \overline on input line 399.
LaTeX Info: Redefining \colon on input line 410.
\classnum@=\count198
\DOTSCASE@=\count199
LaTeX Info: Redefining \ldots on input line 496.
LaTeX Info: Redefining \dots on input line 499.
LaTeX Info: Redefining \cdots on input line 620.
\Mathstrutbox@=\box51
\strutbox@=\box52
LaTeX Info: Redefining \big on input line 722.
LaTeX Info: Redefining \Big on input line 723.
LaTeX Info: Redefining \bigg on input line 724.
LaTeX Info: Redefining \Bigg on input line 725.
\big@size=\dimen143
LaTeX Font Info:    Redeclaring font encoding OML on input line 743.
LaTeX Font Info:    Redeclaring font encoding OMS on input line 744.
\macc@depth=\count266
LaTeX Info: Redefining \bmod on input line 905.
LaTeX Info: Redefining \pmod on input line 910.
LaTeX Info: Redefining \smash on input line 940.
LaTeX Info: Redefining \relbar on input line 970.
LaTeX Info: Redefining \Relbar on input line 971.
\c@MaxMatrixCols=\count267
\dotsspace@=\muskip16
\c@parentequation=\count268
\dspbrk@lvl=\count269
\tag@help=\toks20
\row@=\count270
\column@=\count271
\maxfields@=\count272
\andhelp@=\toks21
\eqnshift@=\dimen144
\alignsep@=\dimen145
\tagshift@=\dimen146
\tagwidth@=\dimen147
\totwidth@=\dimen148
\lineht@=\dimen149
\@envbody=\toks22
\multlinegap=\skip51
\multlinetaggap=\skip52
\mathdisplay@stack=\toks23
LaTeX Info: Redefining \[ on input line 2953.
LaTeX Info: Redefining \] on input line 2954.
) (/usr/share/texlive/texmf-dist/tex/latex/booktabs/booktabs.sty
Package: booktabs 2020/01/12 v1.61803398 Publication quality tables
\heavyrulewidth=\dimen150
\lightrulewidth=\dimen151
\cmidrulewidth=\dimen152
\belowrulesep=\dimen153
\belowbottomsep=\dimen154
\aboverulesep=\dimen155
\abovetopsep=\dimen156
\cmidrulesep=\dimen157
\cmidrulekern=\dimen158
\defaultaddspace=\dimen159
\@cmidla=\count273
\@cmidlb=\count274
\@aboverulesep=\dimen160
\@belowrulesep=\dimen161
\@thisruleclass=\count275
\@lastruleclass=\count276
\@thisrulewidth=\dimen162
) (/usr/share/texlive/texmf-dist/tex/latex/tools/array.sty
Package: array 2023/10/16 v2.5g Tabular extension package (FMi)
\col@sep=\dimen163
\ar@mcellbox=\box53
\extrarowheight=\dimen164
\NC@list=\toks24
\extratabsurround=\skip53
\backup@length=\skip54
\ar@cellbox=\box54
) (/usr/share/texlive/texmf-dist/tex/latex/graphics/graphicx.sty
Package: graphicx 2021/09/16 v1.2d Enhanced LaTeX Graphics (DPC,SPQR)
 (/usr/share/texlive/texmf-dist/tex/latex/graphics/keyval.sty
Package: keyval 2022/05/29 v1.15 key=value parser (DPC)
\KV@toks@=\toks25
) (/usr/share/texlive/texmf-dist/tex/latex/graphics/graphics.sty
Package: graphics 2022/03/10 v1.4e Standard LaTeX Graphics (DPC,SPQR)
 (/usr/share/texlive/texmf-dist/tex/latex/graphics/trig.sty
Package: trig 2021/08/11 v1.11 sin cos tan (DPC)
) (/usr/share/texlive/texmf-dist/tex/latex/graphics-cfg/graphics.cfg
File: graphics.cfg 2016/06/04 v1.11 sample graphics configuration
)
Package graphics Info: Driver file: pdftex.def on input line 107.
 (/usr/share/texlive/texmf-dist/tex/latex/graphics-def/pdftex.def
File: pdftex.def 2022/09/22 v1.2b Graphics/color driver for pdftex
))
\Gin@req@height=\dimen165
\Gin@req@width=\dimen166
) (/usr/share/texlive/texmf-dist/tex/latex/caption/caption.sty
Package: caption 2023/08/05 v3.6o Customizing captions (AR)
 (/usr/share/texlive/texmf-dist/tex/latex/caption/caption3.sty
Package: caption3 2023/07/31 v2.4d caption3 kernel (AR)
\caption@tempdima=\dimen167
\captionmargin=\dimen168
\caption@leftmargin=\dimen169
\caption@rightmargin=\dimen170
\caption@width=\dimen171
\caption@indent=\dimen172
\caption@parindent=\dimen173
\caption@hangindent=\dimen174
Package caption Info: Standard document class detected.
)
\c@caption@flags=\count277
\c@continuedfloat=\count278
) (/usr/share/texlive/texmf-dist/tex/latex/l3backend/l3backend-pdftex.def
File: l3backend-pdftex.def 2024-01-04 L3 backend support: PDF output (pdfTeX)
\l__color_backend_stack_int=\count279
\l__pdf_internal_box=\box55
) (./v1.aux

LaTeX Warning: Label `fig:scatterplot-cost-distance' multiply defined.

)
\openout1 = `v1.aux'.

LaTeX Font Info:    Checking defaults for OML/cmm/m/it on input line 10.
LaTeX Font Info:    ... okay on input line 10.
LaTeX Font Info:    Checking defaults for OMS/cmsy/m/n on input line 10.
LaTeX Font Info:    ... okay on input line 10.
LaTeX Font Info:    Checking defaults for OT1/cmr/m/n on input line 10.
LaTeX Font Info:    ... okay on input line 10.
LaTeX Font Info:    Checking defaults for T1/cmr/m/n on input line 10.
LaTeX Font Info:    ... okay on input line 10.
LaTeX Font Info:    Checking defaults for TS1/cmr/m/n on input line 10.
LaTeX Font Info:    ... okay on input line 10.
LaTeX Font Info:    Checking defaults for OMX/cmex/m/n on input line 10.
LaTeX Font Info:    ... okay on input line 10.
LaTeX Font Info:    Checking defaults for U/cmr/m/n on input line 10.
LaTeX Font Info:    ... okay on input line 10.
 (/usr/share/texlive/texmf-dist/tex/context/base/mkii/supp-pdf.mkii
[Loading MPS to PDF converter (version 2006.09.02).]
\scratchcounter=\count280
\scratchdimen=\dimen175
\scratchbox=\box56
\nofMPsegments=\count281
\nofMParguments=\count282
\everyMPshowfont=\toks26
\MPscratchCnt=\count283
\MPscratchDim=\dimen176
\MPnumerator=\count284
\makeMPintoPDFobject=\count285
\everyMPtoPDFconversion=\toks27
) (/usr/share/texlive/texmf-dist/tex/latex/epstopdf-pkg/epstopdf-base.sty
Package: epstopdf-base 2020-01-24 v2.11 Base part for package epstopdf
Package epstopdf-base Info: Redefining graphics rule for `.eps' on input line 485.
 (/usr/share/texlive/texmf-dist/tex/latex/latexconfig/epstopdf-sys.cfg
File: epstopdf-sys.cfg 2010/07/13 v1.3 Configuration of (r)epstopdf for TeX Live
))
Package caption Info: Begin \AtBeginDocument code.
Package caption Info: End \AtBeginDocument code.
 [1

{/var/lib/texmf/fonts/map/pdftex/updmap/pdftex.map}]
Overfull \hbox (52.33188pt too wide) detected at line 25
\OML/cmm/m/it/9 E\OT1/cmr/m/n/9 (\OML/cmm/m/it/9 y\OT1/cmr/m/n/9 ) = \OML/cmm/m/it/9 ^^L[] \OT1/cmr/m/n/9 + \OML/cmm/m/it/9 ^^L[][] \OT1/cmr/m/n/9 + \OML/cmm/m/it/9 ^^L[][] \OT1/cmr/m/n/9 + \OML/cmm/m/it/9 ^^L[][] \OT1/cmr/m/n/9 + \OML/cmm/m/it/9 ^^L[][] \OT1/cmr/m/n/9 + \OML/cmm/m/it/9 ^^L[][] \OT1/cmr/m/n/9 + \OML/cmm/m/it/9 ^^L[][]
 []


Overfull \hbox (131.26245pt too wide) detected at line 35
[] \OT1/cmr/m/n/8 = 14314 + 0\OML/cmm/m/it/8 :\OT1/cmr/m/n/8 0806 [] \OMS/cmsy/m/n/8 ^^@ \OT1/cmr/m/n/8 6\OML/cmm/m/it/8 :\OT1/cmr/m/n/8 8 [] \OMS/cmsy/m/n/8 ^^@ \OT1/cmr/m/n/8 9\OML/cmm/m/it/8 :\OT1/cmr/m/n/8 51 [] + 14\OML/cmm/m/it/8 :\OT1/cmr/m/n/8 15 [] \OMS/cmsy/m/n/8 ^^@ \OT1/cmr/m/n/8 2\OML/cmm/m/it/8 :\OT1/cmr/m/n/8 55 [] + 0\OML/cmm/m/it/8 :\OT1/cmr/m/n/8 00426 []
 []

[2]
Underfull \hbox (badness 10000) in paragraph at lines 99--101

 []


Overfull \hbox (126.32767pt too wide) detected at line 103
[] \OT1/cmr/m/n/9 = 14314 + 0\OML/cmm/m/it/9 :\OT1/cmr/m/n/9 0806 [] \OMS/cmsy/m/n/9 ^^@ \OT1/cmr/m/n/9 6\OML/cmm/m/it/9 :\OT1/cmr/m/n/9 8 [] \OMS/cmsy/m/n/9 ^^@ \OT1/cmr/m/n/9 9\OML/cmm/m/it/9 :\OT1/cmr/m/n/9 51 [] + 14\OML/cmm/m/it/9 :\OT1/cmr/m/n/9 15 [] \OMS/cmsy/m/n/9 ^^@ \OT1/cmr/m/n/9 2\OML/cmm/m/it/9 :\OT1/cmr/m/n/9 55 [] + 0\OML/cmm/m/it/9 :\OT1/cmr/m/n/9 00426 []
 []

[3] [4{/usr/share/texmf/fonts/enc/dvips/cm-super/cm-super-ts1.enc}]
Overfull \hbox (0.47282pt too wide) in paragraph at lines 160--162
\OT1/cmr/m/n/10 kJ/kWh, as-sum-ing all other pre-dic-tors (RPM, CPRA-TIO, INLET-TEMP, EXH-
 []

[5] [6]
Overfull \hbox (36.90315pt too wide) in paragraph at lines 231--242
\OT1/cmr/m/n/10 Rejecting $\OML/cmm/m/it/10 H[]$ \OT1/cmr/m/n/10 in-di-cates that at least one of the re-gres-sion co-ef-fi-cients ($\OML/cmm/m/it/10 ^^L[]; ^^L[]; ^^L[]; ^^L[]; ^^L[]; ^^L[]$\OT1/cmr/m/n/10 )
 []

[7] [8] [9] [10] [11] [12] [13]
<COST_vs_DISTANCE.jpeg, id=61, 460.72125pt x 307.1475pt>
File: COST_vs_DISTANCE.jpeg Graphic file (type jpg)
<use COST_vs_DISTANCE.jpeg>
Package pdftex.def Info: COST_vs_DISTANCE.jpeg  used on input line 418.
(pdftex.def)             Requested size: 276.00105pt x 183.99934pt.
 [14 <./COST_vs_DISTANCE.jpeg>]
<COST_vs_WEIGHT.jpeg, id=65, 455.7025pt x 307.1475pt>
File: COST_vs_WEIGHT.jpeg Graphic file (type jpg)
<use COST_vs_WEIGHT.jpeg>
Package pdftex.def Info: COST_vs_WEIGHT.jpeg  used on input line 427.
(pdftex.def)             Requested size: 276.00105pt x 186.02867pt.
 [15 <./COST_vs_WEIGHT.jpeg>]
Overfull \hbox (82.70068pt too wide) detected at line 480
[] \OT1/cmr/m/n/10 = \OMS/cmsy/m/n/10 ^^@\OT1/cmr/m/n/10 3\OML/cmm/m/it/10 :\OT1/cmr/m/n/10 82 + 0\OML/cmm/m/it/10 :\OT1/cmr/m/n/10 299 [] + 0\OML/cmm/m/it/10 :\OT1/cmr/m/n/10 0443 [] + 0\OML/cmm/m/it/10 :\OT1/cmr/m/n/10 1249 [] \OMS/cmsy/m/n/10 ^^@ \OT1/cmr/m/n/10 0\OML/cmm/m/it/10 :\OT1/cmr/m/n/10 000026 []
 []


Underfull \hbox (badness 10000) in paragraph at lines 489--490

 []


Underfull \hbox (badness 10000) in paragraph at lines 492--498

 []

[16] [17]
Overfull \hbox (14.934pt too wide) in paragraph at lines 538--543
[] 
 []

[18]
Underfull \hbox (badness 10000) in paragraph at lines 596--597

 []

[19] [20] (./v1.aux)
 ***********
LaTeX2e <2023-11-01> patch level 1
L3 programming layer <2024-01-22>
 ***********


LaTeX Warning: There were multiply-defined labels.

 ) 
Here is how much of TeX's memory you used:
 3553 strings out of 474222
 59564 string characters out of 5748734
 1938975 words of memory out of 5000000
 25801 multiletter control sequences out of 15000+600000
 564487 words of font info for 58 fonts, out of 8000000 for 9000
 1141 hyphenation exceptions out of 8191
 57i,7n,65p,723b,309s stack positions out of 10000i,1000n,20000p,200000b,200000s
</usr/share/texlive/texmf-dist/fonts/type1/public/amsfonts/cm/cmbx10.pfb></usr/share/texlive/texmf-dist/fonts/type1/public/amsfonts/cm/cmbx12.pfb></usr/share/texlive/texmf-dist/fonts/type1/public/amsfonts/cm/cmmi10.pfb></usr/share/texlive/texmf-dist/fonts/type1/public/amsfonts/cm/cmmi7.pfb></usr/share/texlive/texmf-dist/fonts/type1/public/amsfonts/cm/cmmi8.pfb></usr/share/texlive/texmf-dist/fonts/type1/public/amsfonts/cm/cmmi9.pfb></usr/share/texlive/texmf-dist/fonts/type1/public/amsfonts/cm/cmr10.pfb></usr/share/texlive/texmf-dist/fonts/type1/public/amsfonts/cm/cmr6.pfb></usr/share/texlive/texmf-dist/fonts/type1/public/amsfonts/cm/cmr7.pfb></usr/share/texlive/texmf-dist/fonts/type1/public/amsfonts/cm/cmr8.pfb></usr/share/texlive/texmf-dist/fonts/type1/public/amsfonts/cm/cmr9.pfb></usr/share/texlive/texmf-dist/fonts/type1/public/amsfonts/cm/cmsy10.pfb></usr/share/texlive/texmf-dist/fonts/type1/public/amsfonts/cm/cmsy8.pfb></usr/share/texlive/texmf-dist/fonts/type1/public/amsfonts/cm/cmsy9.pfb></usr/share/texlive/texmf-dist/fonts/type1/public/amsfonts/cm/cmti10.pfb></usr/share/texmf/fonts/type1/public/cm-super/sfbx1200.pfb></usr/share/texmf/fonts/type1/public/cm-super/sfrm1000.pfb>
Output written on v1.pdf (20 pages, 270608 bytes).
PDF statistics:
 157 PDF objects out of 1000 (max. 8388607)
 98 compressed objects within 1 object stream
 0 named destinations out of 1000 (max. 500000)
 11 words of extra memory for PDF output out of 10000 (max. 10000000)

